

*******************************************************************************
Tue Apr  5 18:04:20 2016


FIT:    data read from "Miguesalidabrutabuena.dat"
        format = z
        #datapoints = 14
        residuals are weighted equally (unit weight)

function used for fitting: f(x)
	f(x) = a0*x*log(x)
fitted parameters initialized with current variable values

iter      chisq       delta/lim  lambda   a0           
   0 8.0246774304e+07   0.00e+00  2.40e+03    1.000000e+00
   4 1.1447222486e+02  -8.07e-09  2.40e-01    2.957277e-03

After 4 iterations the fit converged.
final sum of squares of residuals : 114.472
rel. change during last iteration : -8.06925e-14

degrees of freedom    (FIT_NDF)                        : 13
rms of residuals      (FIT_STDFIT) = sqrt(WSSR/ndf)    : 2.96742
variance of residuals (reduced chisquare) = WSSR/ndf   : 8.80556

Final set of parameters            Asymptotic Standard Error
=======================            ==========================
a0              = 0.00295728       +/- 0.0003303    (11.17%)


*******************************************************************************
Tue Apr  5 18:07:34 2016


FIT:    data read from "Miguesalidabrutabuena.dat"
        format = z
        #datapoints = 14
        residuals are weighted equally (unit weight)

function used for fitting: f(x)
	f(x) = a0*x*log(x)
fitted parameters initialized with current variable values

iter      chisq       delta/lim  lambda   a0           
   0 8.0246774304e+07   0.00e+00  2.40e+03    1.000000e+00
   4 1.1447222486e+02  -8.07e-09  2.40e-01    2.957277e-03

After 4 iterations the fit converged.
final sum of squares of residuals : 114.472
rel. change during last iteration : -8.06925e-14

degrees of freedom    (FIT_NDF)                        : 13
rms of residuals      (FIT_STDFIT) = sqrt(WSSR/ndf)    : 2.96742
variance of residuals (reduced chisquare) = WSSR/ndf   : 8.80556

Final set of parameters            Asymptotic Standard Error
=======================            ==========================
a0              = 0.00295728       +/- 0.0003303    (11.17%)


*******************************************************************************
Tue Apr  5 18:08:24 2016


FIT:    data read from "Miguesalidabrutabuena.dat"
        format = z
        #datapoints = 14
        residuals are weighted equally (unit weight)

function used for fitting: f(x)
	f(x) = a0*x*x
fitted parameters initialized with current variable values

iter      chisq       delta/lim  lambda   a0           
   0 1.3050518943e+12   0.00e+00  3.05e+05    1.000000e+00
   4 2.2824659587e+01  -6.61e-04  3.05e+01    2.472131e-05

After 4 iterations the fit converged.
final sum of squares of residuals : 22.8247
rel. change during last iteration : -6.60545e-09

degrees of freedom    (FIT_NDF)                        : 13
rms of residuals      (FIT_STDFIT) = sqrt(WSSR/ndf)    : 1.32504
variance of residuals (reduced chisquare) = WSSR/ndf   : 1.75574

Final set of parameters            Asymptotic Standard Error
=======================            ==========================
a0              = 2.47213e-05      +/- 1.16e-06     (4.692%)


*******************************************************************************
Tue Apr  5 18:09:04 2016


FIT:    data read from "Miguesalidabrutabuena.dat"
        format = z
        #datapoints = 14
        residuals are weighted equally (unit weight)

function used for fitting: f(x)
	f(x) = a0*x*x*x
fitted parameters initialized with current variable values

iter      chisq       delta/lim  lambda   a0           
   0 1.1333579969e+18   0.00e+00  2.85e+08    1.000000e+00
   5 8.1473175523e-03  -9.07e-09  2.85e+03    2.690525e-08

After 5 iterations the fit converged.
final sum of squares of residuals : 0.00814732
rel. change during last iteration : -9.07037e-14

degrees of freedom    (FIT_NDF)                        : 13
rms of residuals      (FIT_STDFIT) = sqrt(WSSR/ndf)    : 0.0250343
variance of residuals (reduced chisquare) = WSSR/ndf   : 0.000626717

Final set of parameters            Asymptotic Standard Error
=======================            ==========================
a0              = 2.69052e-08      +/- 2.352e-11    (0.0874%)


*******************************************************************************
Tue Apr  5 18:10:54 2016


FIT:    data read from "Miguesalidadyv.dat"
        format = z
        #datapoints = 14
        residuals are weighted equally (unit weight)

function used for fitting: f(x)
	f(x) = a0*x*log(x)
fitted parameters initialized with current variable values

iter      chisq       delta/lim  lambda   a0           
   0 8.0689611392e+07   0.00e+00  2.40e+03    1.000000e+00
   4 2.2980178534e-01  -4.06e-06  2.40e-01    2.092892e-04

After 4 iterations the fit converged.
final sum of squares of residuals : 0.229802
rel. change during last iteration : -4.05644e-11

degrees of freedom    (FIT_NDF)                        : 13
rms of residuals      (FIT_STDFIT) = sqrt(WSSR/ndf)    : 0.132955
variance of residuals (reduced chisquare) = WSSR/ndf   : 0.0176771

Final set of parameters            Asymptotic Standard Error
=======================            ==========================
a0              = 0.000209289      +/- 1.48e-05     (7.071%)


*******************************************************************************
Tue Apr  5 18:11:14 2016


FIT:    data read from "Miguesalidadyv.dat"
        format = z
        #datapoints = 14
        residuals are weighted equally (unit weight)

function used for fitting: f(x)
	f(x) = a0*x*x
fitted parameters initialized with current variable values

iter      chisq       delta/lim  lambda   a0           
   0 1.3051119896e+12   0.00e+00  3.05e+05    1.000000e+00
   5 2.5489198394e-03  -1.36e-10  3.05e+05    1.698040e-06

After 5 iterations the fit converged.
final sum of squares of residuals : 0.00254892
rel. change during last iteration : -1.36114e-15

degrees of freedom    (FIT_NDF)                        : 13
rms of residuals      (FIT_STDFIT) = sqrt(WSSR/ndf)    : 0.0140025
variance of residuals (reduced chisquare) = WSSR/ndf   : 0.000196071

Final set of parameters            Asymptotic Standard Error
=======================            ==========================
a0              = 1.69804e-06      +/- 1.226e-08    (0.7218%)


*******************************************************************************
Tue Apr  5 18:14:16 2016


FIT:    data read from "Miguesalidabrutabuena.dat"
        format = z
        #datapoints = 14
        residuals are weighted equally (unit weight)

function used for fitting: f(x)
	f(x) = a0*x*x*x
fitted parameters initialized with current variable values

iter      chisq       delta/lim  lambda   a0           
   0 1.1333579969e+18   0.00e+00  2.85e+08    1.000000e+00
   5 8.1473175523e-03  -9.07e-09  2.85e+03    2.690525e-08

After 5 iterations the fit converged.
final sum of squares of residuals : 0.00814732
rel. change during last iteration : -9.07037e-14

degrees of freedom    (FIT_NDF)                        : 13
rms of residuals      (FIT_STDFIT) = sqrt(WSSR/ndf)    : 0.0250343
variance of residuals (reduced chisquare) = WSSR/ndf   : 0.000626717

Final set of parameters            Asymptotic Standard Error
=======================            ==========================
a0              = 2.69052e-08      +/- 2.352e-11    (0.0874%)
